\BOOKMARK [0][-]{chapter.1}{\376\377\000D\000i\000a\000c\000a\000m\000m\000a\000\040\000S\000y\000n\000d\000i\000c}{}% 1
\BOOKMARK [1][-]{section.1.1}{\376\377\000P\000r\000\351\000s\000e\000n\000t\000a\000t\000i\000o\000n}{chapter.1}% 2
\BOOKMARK [2][-]{subsection.1.1.1}{\376\377\000D\000e\000s\000c\000r\000i\000p\000t\000i\000o\000n}{section.1.1}% 3
\BOOKMARK [2][-]{subsection.1.1.2}{\376\377\000I\000n\000s\000t\000a\000l\000l\000a\000t\000i\000o\000n}{section.1.1}% 4
\BOOKMARK [2][-]{subsection.1.1.3}{\376\377\000A\000i\000d\000e\000s\000\040\000e\000t\000\040\000s\000u\000p\000p\000o\000r\000t}{section.1.1}% 5
\BOOKMARK [1][-]{section.1.2}{\376\377\000P\000r\000i\000s\000e\000\040\000e\000n\000\040\000m\000a\000i\000n}{chapter.1}% 6
\BOOKMARK [2][-]{subsection.1.2.1}{\376\377\000V\000\351\000r\000i\000f\000i\000e\000z\000\040\000l\000a\000\040\000m\000i\000s\000e\000\040\000\340\000\040\000j\000o\000u\000r\000\040\000d\000e\000\040\000v\000o\000t\000r\000e\000\040\000l\000o\000g\000i\000c\000i\000e\000l}{section.1.2}% 7
\BOOKMARK [2][-]{subsection.1.2.2}{\376\377\000P\000r\000\351\000s\000e\000n\000t\000a\000t\000i\000o\000n\000\040\000d\000e\000\040\000v\000o\000t\000r\000e\000\040\000c\000o\000p\000r\000o\000p\000r\000i\000\351\000t\000\351}{section.1.2}% 8
\BOOKMARK [2][-]{subsection.1.2.3}{\376\377\000C\000r\000\351\000a\000t\000i\000o\000n\000\040\000d\000e\000\040\000v\000o\000t\000r\000e\000\040\000p\000r\000e\000m\000i\000e\000r\000\040\000e\000x\000e\000r\000c\000i\000c\000e\000\040\000c\000o\000m\000p\000t\000a\000b\000l\000e}{section.1.2}% 9
\BOOKMARK [2][-]{subsection.1.2.4}{\376\377\000R\000\351\000g\000l\000a\000g\000e\000\040\000d\000e\000\040\000v\000o\000t\000r\000e\000\040\000c\000o\000p\000r\000o\000p\000r\000i\000\351\000t\000\351}{section.1.2}% 10
\BOOKMARK [2][-]{subsection.1.2.5}{\376\377\000D\000\351\000f\000i\000n\000i\000t\000i\000o\000n\000\040\000d\000e\000s\000\040\000c\000a\000t\000\351\000g\000o\000r\000i\000e\000s\000\040\000d\000e\000\040\000c\000h\000a\000r\000g\000e\000s\000,\000\040\000d\000e\000s\000\040\000l\000o\000t\000s\000\040\000e\000t\000\040\000d\000e\000s\000\040\000t\000a\000n\000t\000i\000\350\000m\000e\000s}{section.1.2}% 11
\BOOKMARK [2][-]{subsection.1.2.6}{\376\377\000M\000i\000s\000e\000\040\000\340\000\040\000j\000o\000u\000r\000\040\000c\000o\000m\000p\000t\000a\000b\000l\000e}{section.1.2}% 12
\BOOKMARK [2][-]{subsection.1.2.7}{\376\377\000L\000e\000\040\000c\000o\000u\000r\000r\000i\000e\000l}{section.1.2}% 13
\BOOKMARK [2][-]{subsection.1.2.8}{\376\377\000L\000e\000s\000\040\000r\000e\000s\000p\000o\000n\000s\000a\000b\000l\000e\000s}{section.1.2}% 14
\BOOKMARK [2][-]{subsection.1.2.9}{\376\377\000L\000a\000\040\000g\000e\000s\000t\000i\000o\000n\000s\000\040\000d\000o\000c\000u\000m\000e\000n\000t\000a\000i\000r\000e}{section.1.2}% 15
\BOOKMARK [0][-]{chapter.2}{\376\377\000D\000i\000a\000c\000a\000m\000m\000a\000\040\000c\000o\000p\000r\000o\000p\000r\000i\000\351\000t\000\351}{}% 16
\BOOKMARK [1][-]{section.2.1}{\376\377\000C\000o\000m\000p\000t\000a\000b\000i\000l\000i\000t\000\351\000\040\000:\000\040\000l\000e\000s\000\040\000c\000o\000n\000t\000r\000a\000i\000n\000t\000e\000s\000\040\000r\000\351\000g\000l\000e\000m\000e\000n\000t\000a\000i\000r\000e\000s}{chapter.2}% 17
\BOOKMARK [2][-]{subsection.2.1.1}{\376\377\000U\000n\000e\000\040\000c\000o\000m\000p\000t\000a\000b\000i\000l\000i\000t\000\351\000\040\000d\040\031\000e\000n\000g\000a\000g\000e\000m\000e\000n\000t}{section.2.1}% 18
\BOOKMARK [2][-]{subsection.2.1.2}{\376\377\000L\000a\000\040\000d\000u\000r\000\351\000e\000\040\000d\000e\000\040\000l\040\031\000e\000x\000e\000r\000c\000i\000c\000e\000\040\000c\000o\000m\000p\000t\000a\000b\000l\000e}{section.2.1}% 19
\BOOKMARK [2][-]{subsection.2.1.3}{\376\377\000P\000l\000a\000n\000\040\000c\000o\000m\000p\000t\000a\000b\000l\000e}{section.2.1}% 20
\BOOKMARK [1][-]{section.2.2}{\376\377\000L\000e\000s\000\040\000c\000o\000p\000r\000o\000p\000r\000i\000\351\000t\000a\000i\000r\000e\000s}{chapter.2}% 21
\BOOKMARK [2][-]{subsection.2.2.1}{\376\377\000L\000e\000s\000\040\000l\000o\000t\000s}{section.2.2}% 22
\BOOKMARK [1][-]{section.2.3}{\376\377\000L\000e\000s\000\040\000c\000a\000t\000\351\000g\000o\000r\000i\000e\000s\000\040\000d\000e\000\040\000c\000h\000a\000r\000g\000e\000s}{chapter.2}% 23
\BOOKMARK [2][-]{subsection.2.3.1}{\376\377\000C\000h\000a\000r\000g\000e\000s\000\040\000c\000o\000u\000r\000a\000n\000t\000e\000s\000\040\000e\000t\000\040\000c\000h\000a\000r\000g\000e\000s\000\040\000e\000x\000c\000e\000p\000t\000i\000o\000n\000n\000e\000l\000l\000e\000s}{section.2.3}% 24
\BOOKMARK [2][-]{subsection.2.3.2}{\376\377\000L\000a\000\040\000r\000\351\000p\000a\000r\000t\000i\000t\000i\000o\000n}{section.2.3}% 25
\BOOKMARK [2][-]{subsection.2.3.3}{\376\377\000L\000e\000s\000\040\000b\000u\000d\000g\000e\000t\000s\000\040\000p\000r\000\351\000v\000i\000s\000i\000o\000n\000n\000e\000l\000s}{section.2.3}% 26
\BOOKMARK [1][-]{section.2.4}{\376\377\000L\000e\000s\000\040\000a\000p\000p\000e\000l\000s\000\040\000d\000e\000\040\000f\000o\000n\000d\000s}{chapter.2}% 27
\BOOKMARK [1][-]{section.2.5}{\376\377\000L\000e\000\040\000s\000u\000i\000v\000i\000\040\000d\000e\000s\000\040\000c\000o\000p\000r\000o\000p\000r\000i\000\351\000t\000a\000i\000r\000e\000s}{chapter.2}% 28
\BOOKMARK [1][-]{section.2.6}{\376\377\000L\000e\000s\000\040\000d\000\351\000p\000e\000n\000s\000e\000s}{chapter.2}% 29
\BOOKMARK [1][-]{section.2.7}{\376\377\000L\000e\000s\000\040\000r\000a\000p\000p\000o\000r\000t\000s}{chapter.2}% 30
\BOOKMARK [2][-]{subsection.2.7.1}{\376\377\000\311\000t\000a\000t\000\040\000f\000i\000n\000a\000n\000c\000i\000e\000r}{section.2.7}% 31
\BOOKMARK [2][-]{subsection.2.7.2}{\376\377\000C\000o\000m\000p\000t\000e\000\040\000d\000e\000\040\000g\000e\000s\000t\000i\000o\000n\000\040\000g\000\351\000n\000\351\000r\000a\000l\000e}{section.2.7}% 32
\BOOKMARK [2][-]{subsection.2.7.3}{\376\377\000C\000o\000m\000p\000t\000e\000\040\000d\000e\000\040\000g\000e\000s\000t\000i\000o\000n\000\040\000p\000o\000u\000r\000\040\000o\000p\000\351\000r\000a\000t\000i\000o\000n\000s\000\040\000c\000o\000u\000r\000a\000n\000t\000e\000s}{section.2.7}% 33
\BOOKMARK [2][-]{subsection.2.7.4}{\376\377\000C\000o\000m\000p\000t\000e\000\040\000d\000e\000\040\000g\000e\000s\000t\000i\000o\000n\000\040\000p\000o\000u\000r\000\040\000o\000p\000\351\000r\000a\000t\000i\000o\000n\000s\000\040\000e\000x\000c\000e\000p\000t\000i\000o\000n\000n\000e\000l\000l\000e\000s}{section.2.7}% 34
\BOOKMARK [0][-]{chapter.3}{\376\377\000D\000i\000a\000c\000a\000m\000m\000a\000\040\000c\000o\000m\000p\000t\000a\000b\000i\000l\000i\000t\000\351}{}% 35
\BOOKMARK [1][-]{section.3.1}{\376\377\000D\000\351\000f\000i\000n\000i\000t\000i\000o\000n\000s}{chapter.3}% 36
\BOOKMARK [2][-]{subsection.3.1.1}{\376\377\000E\000x\000e\000r\000c\000i\000c\000e\000\040\000c\000o\000m\000p\000t\000a\000b\000l\000e}{section.3.1}% 37
\BOOKMARK [2][-]{subsection.3.1.2}{\376\377\000T\000i\000e\000r\000s\000\040\000c\000o\000m\000p\000t\000a\000b\000l\000e}{section.3.1}% 38
\BOOKMARK [2][-]{subsection.3.1.3}{\376\377\000J\000o\000u\000r\000n\000a\000u\000x\000\040\000c\000o\000m\000p\000t\000a\000b\000l\000e\000s}{section.3.1}% 39
\BOOKMARK [2][-]{subsection.3.1.4}{\376\377\000E\000c\000r\000i\000t\000u\000r\000e\000s\000\040\000c\000o\000m\000p\000t\000a\000b\000l\000e\000s}{section.3.1}% 40
\BOOKMARK [2][-]{subsection.3.1.5}{\376\377\000P\000l\000a\000n\000\040\000c\000o\000m\000p\000t\000a\000b\000l\000e\000\040\000d\000e\000\040\000l\040\031\000e\000x\000e\000r\000c\000i\000c\000e}{section.3.1}% 41
\BOOKMARK [1][-]{section.3.2}{\376\377\000E\000x\000e\000r\000c\000i\000c\000e\000\040\000c\000o\000m\000p\000t\000a\000b\000l\000e}{chapter.3}% 42
\BOOKMARK [2][-]{subsection.3.2.1}{\376\377\000P\000a\000r\000a\000m\000\351\000t\000r\000a\000g\000e\000s}{section.3.2}% 43
\BOOKMARK [2][-]{subsection.3.2.2}{\376\377\000C\000r\000\351\000a\000t\000i\000o\000n\000\040\000d\040\031\000u\000n\000\040\000e\000x\000e\000r\000c\000i\000c\000e\000\040\000c\000o\000m\000p\000t\000a\000b\000l\000e}{section.3.2}% 44
\BOOKMARK [2][-]{subsection.3.2.3}{\376\377\000C\000r\000\351\000a\000t\000i\000o\000n\000,\000\040\000m\000o\000d\000i\000f\000i\000c\000a\000t\000i\000o\000n\000\040\000e\000t\000\040\000\351\000d\000i\000t\000i\000o\000n\000\040\000d\000e\000\040\000c\000o\000m\000p\000t\000e\000s\000\040\000d\000u\000\040\000p\000l\000a\000n\000\040\000c\000o\000m\000p\000t\000a\000b\000l\000e}{section.3.2}% 45
\BOOKMARK [2][-]{subsection.3.2.4}{\376\377\000C\000l\000\364\000t\000u\000r\000e\000\040\000d\040\031\000u\000n\000\040\000e\000x\000e\000r\000c\000i\000c\000e}{section.3.2}% 46
\BOOKMARK [1][-]{section.3.3}{\376\377\000T\000i\000e\000r\000s\000\040\000c\000o\000m\000p\000t\000a\000b\000l\000e}{chapter.3}% 47
\BOOKMARK [2][-]{subsection.3.3.1}{\376\377\000C\000r\000\351\000a\000t\000i\000o\000n\000\040\000d\040\031\000u\000n\000\040\000t\000i\000e\000r\000s\000\040\000c\000o\000m\000p\000t\000a\000b\000l\000e}{section.3.3}% 48
\BOOKMARK [2][-]{subsection.3.3.2}{\376\377\000S\000i\000t\000u\000a\000t\000i\000o\000n\000\040\000d\040\031\000u\000n\000\040\000t\000i\000e\000r\000s}{section.3.3}% 49
\BOOKMARK [2][-]{subsection.3.3.3}{\376\377\000C\000h\000a\000m\000p\000s\000\040\000p\000e\000r\000s\000o\000n\000n\000a\000l\000i\000s\000\351\000s\000\040\000d\000e\000\040\000t\000i\000e\000r\000s}{section.3.3}% 50
\BOOKMARK [1][-]{section.3.4}{\376\377\000\311\000c\000r\000i\000t\000u\000r\000e\000s}{chapter.3}% 51
\BOOKMARK [2][-]{subsection.3.4.1}{\376\377\000S\000a\000i\000s\000i\000e\000\040\000d\040\031\000u\000n\000e\000\040\000\351\000c\000r\000i\000t\000u\000r\000e}{section.3.4}% 52
\BOOKMARK [3][-]{subsubsection.3.4.1.1}{\376\377\000C\000a\000s\000\040\000g\000\351\000n\000\351\000r\000a\000l}{subsection.3.4.1}% 53
\BOOKMARK [3][-]{subsubsection.3.4.1.2}{\376\377\000C\000o\000m\000p\000t\000a\000b\000i\000l\000i\000s\000e\000r\000\040\000u\000n\000\040\000r\000\350\000g\000l\000e\000m\000e\000n\000t}{subsection.3.4.1}% 54
\BOOKMARK [3][-]{subsubsection.3.4.1.3}{\376\377\000\311\000c\000r\000i\000t\000u\000r\000e\000\040\000d\040\031\000\340\000-\000n\000o\000u\000v\000e\000a\000u\000x}{subsection.3.4.1}% 55
\BOOKMARK [2][-]{subsection.3.4.2}{\376\377\000L\000e\000t\000t\000r\000a\000g\000e\000\040\000d\040\031\000\351\000c\000r\000i\000t\000u\000r\000e\000s}{section.3.4}% 56
\BOOKMARK [2][-]{subsection.3.4.3}{\376\377\000V\000a\000l\000i\000d\000a\000t\000i\000o\000n\000\040\000d\040\031\000\351\000c\000r\000i\000t\000u\000r\000e\000s}{section.3.4}% 57
\BOOKMARK [2][-]{subsection.3.4.4}{\376\377\000R\000e\000c\000h\000e\000r\000c\000h\000e\000\040\000d\040\031\000\351\000c\000r\000i\000t\000u\000r\000e\000\050\000s\000\051}{section.3.4}% 58
\BOOKMARK [2][-]{subsection.3.4.5}{\376\377\000I\000m\000p\000o\000r\000t\000\040\000d\040\031\000\351\000c\000r\000i\000t\000u\000r\000e\000s}{section.3.4}% 59
\BOOKMARK [1][-]{section.3.5}{\376\377\000C\000o\000m\000p\000t\000a\000b\000i\000l\000i\000t\000\351\000\040\000a\000n\000a\000l\000y\000t\000i\000q\000u\000e}{chapter.3}% 60
\BOOKMARK [2][-]{subsection.3.5.1}{\376\377\000L\000e\000s\000\040\000c\000o\000d\000e\000s\000\040\000a\000n\000a\000l\000y\000t\000i\000q\000u\000e\000s}{section.3.5}% 61
\BOOKMARK [2][-]{subsection.3.5.2}{\376\377\000I\000m\000p\000u\000t\000a\000t\000i\000o\000n\000\040\000a\000n\000a\000l\000y\000t\000i\000q\000u\000e\000\040\000d\040\031\000u\000n\000e\000\040\000c\000h\000a\000r\000g\000e\000\040\000o\000u\000\040\000d\040\031\000u\000n\000\040\000p\000r\000o\000d\000u\000i\000t}{section.3.5}% 62
\BOOKMARK [2][-]{subsection.3.5.3}{\376\377\000I\000m\000p\000r\000e\000s\000s\000i\000o\000n\000s\000\040\000a\000n\000a\000l\000y\000t\000i\000q\000u\000e\000s}{section.3.5}% 63
\BOOKMARK [1][-]{section.3.6}{\376\377\000M\000o\000d\000\350\000l\000e\000\040\000d\040\031\000\351\000c\000r\000i\000t\000u\000r\000e}{chapter.3}% 64
\BOOKMARK [2][-]{subsection.3.6.1}{\376\377\000D\000\351\000c\000l\000a\000r\000a\000t\000i\000o\000n\000\040\000d\040\031\000u\000n\000\040\000m\000o\000d\000\350\000l\000e}{section.3.6}% 65
\BOOKMARK [2][-]{subsection.3.6.2}{\376\377\000U\000t\000i\000l\000i\000s\000a\000t\000i\000o\000n\000\040\000d\040\031\000u\000n\000\040\000m\000o\000d\000\350\000l\000e}{section.3.6}% 66
\BOOKMARK [1][-]{section.3.7}{\376\377\000B\000u\000d\000g\000e\000t\000s\000\040\000p\000r\000\351\000v\000i\000s\000i\000o\000n\000n\000e\000l\000s}{chapter.3}% 67
\BOOKMARK [2][-]{subsection.3.7.1}{\376\377\000B\000u\000d\000g\000e\000t\000\040\000a\000n\000a\000l\000y\000t\000i\000q\000u\000e}{section.3.7}% 68
\BOOKMARK [2][-]{subsection.3.7.2}{\376\377\000B\000u\000d\000g\000e\000t\000\040\000p\000r\000\351\000v\000i\000s\000i\000o\000n\000n\000e\000l\000\040\000g\000\351\000n\000\351\000r\000a\000l}{section.3.7}% 69
\BOOKMARK [1][-]{section.3.8}{\376\377\000R\000a\000p\000p\000o\000r\000t\000s}{chapter.3}% 70
\BOOKMARK [2][-]{subsection.3.8.1}{\376\377\000C\000o\000m\000p\000t\000e\000\040\000d\000e\000\040\000r\000\351\000s\000u\000l\000t\000a\000t}{section.3.8}% 71
\BOOKMARK [2][-]{subsection.3.8.2}{\376\377\000B\000i\000l\000a\000n\000\040\000c\000o\000m\000p\000t\000a\000b\000l\000e}{section.3.8}% 72
\BOOKMARK [2][-]{subsection.3.8.3}{\376\377\000G\000r\000a\000n\000d\000\040\000l\000i\000v\000r\000e}{section.3.8}% 73
\BOOKMARK [2][-]{subsection.3.8.4}{\376\377\000B\000a\000l\000a\000n\000c\000e}{section.3.8}% 74
\BOOKMARK [2][-]{subsection.3.8.5}{\376\377\000L\000i\000s\000t\000i\000n\000g\000\040\000d\000e\000s\000\040\000\351\000c\000r\000i\000t\000u\000r\000e\000s}{section.3.8}% 75
\BOOKMARK [2][-]{subsection.3.8.6}{\376\377\000L\000i\000s\000t\000i\000n\000g\000\040\000d\000u\000\040\000p\000l\000a\000n\000\040\000c\000o\000m\000p\000t\000a\000b\000l\000e\000\040\000d\000e\000\040\000l\040\031\000e\000x\000e\000r\000c\000i\000c\000e}{section.3.8}% 76
\BOOKMARK [0][-]{chapter.4}{\376\377\000D\000i\000a\000c\000a\000m\000m\000a\000\040\000r\000\350\000g\000l\000e\000m\000e\000n\000t}{}% 77
\BOOKMARK [1][-]{section.4.1}{\376\377\000R\000\350\000g\000l\000e\000m\000e\000n\000t}{chapter.4}% 78
\BOOKMARK [1][-]{section.4.2}{\376\377\000D\000\351\000p\000\364\000t\000s\000\040\000d\000e\000\040\000c\000h\000\350\000q\000u\000e\000s}{chapter.4}% 79
\BOOKMARK [2][-]{subsection.4.2.1}{\376\377\000C\000r\000\351\000a\000t\000i\000o\000n}{section.4.2}% 80
\BOOKMARK [2][-]{subsection.4.2.2}{\376\377\000I\000m\000p\000r\000e\000s\000s\000i\000o\000n}{section.4.2}% 81
\BOOKMARK [2][-]{subsection.4.2.3}{\376\377\000V\000a\000l\000i\000d\000a\000t\000i\000o\000n}{section.4.2}% 82
\BOOKMARK [1][-]{section.4.3}{\376\377\000C\000o\000n\000f\000i\000g\000u\000r\000a\000t\000i\000o\000n}{chapter.4}% 83
\BOOKMARK [2][-]{subsection.4.3.1}{\376\377\000C\000o\000d\000e\000\040\000b\000a\000n\000c\000a\000i\000r\000e}{section.4.3}% 84
\BOOKMARK [2][-]{subsection.4.3.2}{\376\377\000M\000o\000y\000e\000n\000\040\000d\000e\000\040\000p\000a\000i\000e\000m\000e\000n\000t}{section.4.3}% 85
\BOOKMARK [2][-]{subsection.4.3.3}{\376\377\000P\000a\000r\000a\000m\000\350\000t\000r\000e\000s}{section.4.3}% 86
\BOOKMARK [0][-]{chapter.5}{\376\377\000L\000u\000c\000t\000e\000r\000i\000o\000s\000\040\000c\000o\000n\000t\000a\000c\000t\000s}{}% 87
\BOOKMARK [1][-]{section.5.1}{\376\377\000L\000e\000s\000\040\000c\000o\000n\000t\000a\000c\000t\000\040\000p\000h\000y\000s\000i\000q\000u\000e\000s\000\040\000\050\000p\000e\000r\000s\000o\000n\000n\000e\000s\000\040\000p\000h\000y\000s\000i\000q\000u\000e\000s\000\051}{chapter.5}% 88
\BOOKMARK [2][-]{subsection.5.1.1}{\376\377\000L\000i\000s\000t\000e\000\040\000d\000e\000\040\000v\000o\000s\000\040\000c\000o\000n\000t\000a\000c\000t\000s\000\040\000p\000h\000y\000s\000i\000q\000u\000e\000s}{section.5.1}% 89
\BOOKMARK [2][-]{subsection.5.1.2}{\376\377\000V\000i\000s\000u\000a\000l\000i\000s\000a\000t\000i\000o\000n\000\040\000d\040\031\000u\000n\000\040\000c\000o\000n\000t\000a\000c\000t\000\040\000p\000h\000y\000s\000i\000q\000u\000e}{section.5.1}% 90
\BOOKMARK [2][-]{subsection.5.1.3}{\376\377\000A\000j\000o\000u\000t\000\040\000d\040\031\000u\000n\000\040\000c\000o\000n\000t\000a\000c\000t\000\040\000p\000h\000y\000s\000i\000q\000u\000e}{section.5.1}% 91
\BOOKMARK [2][-]{subsection.5.1.4}{\376\377\000R\000e\000c\000h\000e\000r\000c\000h\000e\000\040\000d\040\031\000u\000n\000\040\000c\000o\000n\000t\000a\000c\000t\000\040\000p\000h\000y\000s\000i\000q\000u\000e}{section.5.1}% 92
\BOOKMARK [1][-]{section.5.2}{\376\377\000L\000e\000s\000\040\000c\000o\000n\000t\000a\000c\000t\000s\000\040\000m\000o\000r\000a\000u\000x\000\040\000\050\000p\000e\000r\000s\000o\000n\000n\000e\000s\000\040\000m\000o\000r\000a\000l\000e\000s\000\051}{chapter.5}% 93
\BOOKMARK [2][-]{subsection.5.2.1}{\376\377\000L\000i\000s\000t\000e\000\040\000d\000e\000\040\000v\000o\000s\000\040\000c\000o\000n\000t\000a\000c\000t\000s\000\040\000m\000o\000r\000a\000u\000x}{section.5.2}% 94
\BOOKMARK [2][-]{subsection.5.2.2}{\376\377\000V\000i\000s\000u\000a\000l\000i\000s\000a\000t\000i\000o\000n\000\040\000d\040\031\000u\000n\000\040\000c\000o\000n\000t\000a\000c\000t\000\040\000m\000o\000r\000a\000l}{section.5.2}% 95
\BOOKMARK [2][-]{subsection.5.2.3}{\376\377\000M\000o\000d\000i\000f\000i\000e\000r\000\040\000u\000n\000\040\000c\000o\000n\000t\000a\000c\000t\000\040\000m\000o\000r\000a\000l}{section.5.2}% 96
\BOOKMARK [2][-]{subsection.5.2.4}{\376\377\000R\000e\000s\000p\000o\000n\000s\000a\000b\000l\000e\000s\000\040\000d\040\031\000u\000n\000\040\000c\000o\000n\000t\000a\000c\000t\000\040\000m\000o\000r\000a\000l}{section.5.2}% 97
\BOOKMARK [2][-]{subsection.5.2.5}{\376\377\000R\000e\000c\000h\000e\000r\000c\000h\000e\000\040\000d\040\031\000u\000n\000\040\000c\000o\000n\000t\000a\000c\000t\000\040\000m\000o\000r\000a\000l}{section.5.2}% 98
\BOOKMARK [1][-]{section.5.3}{\376\377\000C\000o\000n\000f\000i\000g\000u\000r\000a\000t\000i\000o\000n\000\040\000e\000t\000\040\000p\000a\000r\000a\000m\000\351\000t\000r\000a\000g\000e}{chapter.5}% 99
\BOOKMARK [2][-]{subsection.5.3.1}{\376\377\000C\000o\000n\000f\000i\000g\000u\000r\000a\000t\000i\000o\000n\000\040\000d\000e\000s\000\040\000c\000o\000n\000t\000a\000c\000t\000s}{section.5.3}% 100
\BOOKMARK [2][-]{subsection.5.3.2}{\376\377\000C\000o\000d\000e\000s\000\040\000p\000o\000s\000t\000a\000u\000x\000/\000v\000i\000l\000l\000e\000s}{section.5.3}% 101
\BOOKMARK [0][-]{chapter.6}{\376\377\000L\000u\000c\000t\000e\000r\000i\000o\000s\000\040\000m\000e\000s\000s\000a\000g\000e\000r\000i\000e}{}% 102
\BOOKMARK [1][-]{section.6.1}{\376\377\000P\000u\000b\000l\000i\000p\000o\000s\000t\000a\000g\000e}{chapter.6}% 103
\BOOKMARK [2][-]{subsection.6.1.1}{\376\377\000C\000r\000\351\000a\000t\000i\000o\000n\000\040\000d\040\031\000u\000n\000\040\000m\000e\000s\000s\000a\000g\000e}{section.6.1}% 104
\BOOKMARK [2][-]{subsection.6.1.2}{\376\377\000V\000a\000l\000i\000d\000a\000t\000i\000o\000n\000\040\000\046\000\040\000t\000r\000a\000n\000s\000m\000i\000s\000s\000i\000o\000n}{section.6.1}% 105
\BOOKMARK [1][-]{section.6.2}{\376\377\000E\000n\000v\000o\000i\000\040\000d\000e\000\040\000S\000M\000S}{chapter.6}% 106
\BOOKMARK [2][-]{subsection.6.2.1}{\376\377\000C\000r\000\351\000a\000t\000i\000o\000n\000\040\000d\040\031\000u\000n\000\040\000m\000e\000s\000s\000a\000g\000e}{section.6.2}% 107
\BOOKMARK [2][-]{subsection.6.2.2}{\376\377\000V\000a\000l\000i\000d\000a\000t\000i\000o\000n\000\040\000\046\000\040\000t\000r\000a\000n\000s\000m\000i\000s\000s\000i\000o\000n}{section.6.2}% 108
\BOOKMARK [1][-]{section.6.3}{\376\377\000C\000o\000n\000f\000i\000g\000u\000r\000a\000t\000i\000o\000n\000\040\000d\000e\000\040\000l\000a\000\040\000m\000e\000s\000s\000a\000g\000e\000r\000i\000e}{chapter.6}% 109
\BOOKMARK [2][-]{subsection.6.3.1}{\376\377\000C\000o\000n\000f\000i\000g\000u\000r\000a\000t\000i\000o\000n\000\040\000d\000u\000\040\000c\000o\000u\000r\000i\000e\000l}{section.6.3}% 110
\BOOKMARK [2][-]{subsection.6.3.2}{\376\377\000C\000o\000n\000f\000i\000g\000u\000r\000a\000t\000i\000o\000n\000\040\000d\000u\000\040\000S\000M\000S}{section.6.3}% 111
\BOOKMARK [3][-]{subsubsection.6.3.2.1}{\376\377\000M\000a\000i\000l\000j\000e\000t\000\040\000S\000M\000S}{subsection.6.3.2}% 112
\BOOKMARK [0][-]{chapter.7}{\376\377\000L\000u\000c\000t\000e\000r\000i\000o\000s\000\040\000d\000o\000c\000u\000m\000e\000n\000t\000s}{}% 113
\BOOKMARK [1][-]{section.7.1}{\376\377\000G\000e\000s\000t\000i\000o\000n\000\040\000d\000e\000\040\000f\000i\000c\000h\000i\000e\000r\000s}{chapter.7}% 114
\BOOKMARK [2][-]{subsection.7.1.1}{\376\377\000L\000i\000s\000t\000e\000\040\000d\000e\000s\000\040\000d\000o\000c\000u\000m\000e\000n\000t\000s}{section.7.1}% 115
\BOOKMARK [2][-]{subsection.7.1.2}{\376\377\000R\000e\000c\000h\000e\000r\000c\000h\000e\000\040\000d\000e\000\040\000d\000o\000c\000u\000m\000e\000n\000t\000s}{section.7.1}% 116
\BOOKMARK [1][-]{section.7.2}{\376\377\000E\000d\000i\000t\000e\000u\000r\000\040\000d\000e\000\040\000d\000o\000c\000u\000m\000e\000n\000t\000s}{chapter.7}% 117
\BOOKMARK [2][-]{subsection.7.2.1}{\376\377\000E\000t\000h\000e\000r\000p\000a\000d}{section.7.2}% 118
\BOOKMARK [2][-]{subsection.7.2.2}{\376\377\000E\000t\000h\000e\000r\000c\000a\000l\000c}{section.7.2}% 119
\BOOKMARK [2][-]{subsection.7.2.3}{\376\377\000O\000n\000l\000y\000O\000f\000f\000i\000c\000e\000\040\000D\000o\000c\000s\000\040\000C\000o\000m\000m\000u\000n\000i\000t\000y\000\040\000E\000d\000i\000t\000i\000o\000n}{section.7.2}% 120
\BOOKMARK [1][-]{section.7.3}{\376\377\000C\000o\000n\000f\000i\000g\000u\000r\000e\000r\000\040\000l\000e\000s\000\040\000d\000o\000s\000s\000i\000e\000r\000s}{chapter.7}% 121
\BOOKMARK [0][-]{chapter.8}{\376\377\000C\000o\000e\000u\000r\000\040\000L\000u\000c\000t\000e\000r\000i\000o\000s}{}% 122
\BOOKMARK [1][-]{section.8.1}{\376\377\000M\000o\000t\000\040\000d\000e\000\040\000p\000a\000s\000s\000e}{chapter.8}% 123
\BOOKMARK [1][-]{section.8.2}{\376\377\000L\000e\000s\000\040\000g\000r\000o\000u\000p\000e\000s}{chapter.8}% 124
\BOOKMARK [1][-]{section.8.3}{\376\377\000L\000e\000s\000\040\000u\000t\000i\000l\000i\000s\000a\000t\000e\000u\000r\000s}{chapter.8}% 125
\BOOKMARK [1][-]{section.8.4}{\376\377\000L\040\031\000a\000r\000c\000h\000i\000t\000e\000c\000t\000u\000r\000e\000\040\000d\000u\000\040\000l\000o\000g\000i\000c\000i\000e\000l}{chapter.8}% 126
